SF:lib/src/lexer/lexer_assist.dart
DA:16,1
DA:17,1
DA:23,0
DA:24,0
DA:30,0
DA:31,0
DA:37,1
DA:38,1
DA:44,1
DA:50,1
DA:51,1
DA:58,1
DA:59,1
DA:65,1
DA:71,0
DA:73,0
DA:79,0
LF:17
LH:10
end_of_record
SF:lib/src/lexer/lexer_exception.dart
DA:3,1
DA:7,0
DA:9,0
DA:10,0
LF:4
LH:1
end_of_record
SF:lib/src/lexer/lexer.dart
DA:11,1
DA:16,1
DA:17,4
DA:20,3
DA:23,0
DA:24,0
DA:27,1
DA:28,2
DA:36,1
DA:37,1
DA:38,1
DA:39,1
DA:40,1
DA:46,1
DA:47,1
DA:48,1
DA:49,1
DA:50,1
DA:51,1
DA:52,1
DA:59,1
DA:60,1
DA:66,1
DA:67,1
DA:73,1
DA:74,2
DA:80,1
DA:81,1
DA:87,1
DA:88,1
DA:95,1
DA:96,1
DA:102,1
DA:103,1
DA:109,1
DA:110,1
DA:116,0
DA:117,0
DA:124,0
DA:130,0
DA:131,0
DA:132,0
DA:133,0
DA:134,0
DA:135,0
DA:142,1
DA:143,1
DA:144,1
DA:151,1
DA:152,1
DA:153,1
DA:160,1
DA:161,1
DA:167,1
DA:168,2
DA:174,1
DA:175,2
DA:181,1
DA:182,1
DA:183,1
DA:184,1
DA:185,1
DA:186,1
DA:187,1
DA:216,1
DA:218,1
DA:219,1
DA:220,1
DA:221,1
DA:222,1
DA:223,1
DA:224,1
DA:225,1
DA:226,1
DA:232,1
DA:234,1
DA:240,1
DA:242,1
DA:243,1
DA:244,1
DA:245,1
DA:246,1
DA:247,1
DA:248,1
DA:249,1
DA:250,1
DA:251,1
DA:252,1
DA:253,1
DA:254,1
DA:255,1
DA:256,1
DA:257,1
DA:258,1
DA:259,1
DA:260,1
DA:261,1
DA:262,1
DA:263,1
DA:264,1
DA:265,1
DA:275,1
DA:276,1
DA:277,0
DA:278,0
DA:284,1
DA:285,1
DA:291,1
DA:292,1
DA:301,1
DA:302,1
DA:303,4
DA:304,1
DA:305,4
DA:307,2
DA:308,0
DA:309,0
DA:318,1
DA:319,6
DA:320,1
DA:324,1
DA:327,1
DA:329,2
DA:330,1
DA:331,2
DA:332,1
DA:333,2
DA:334,1
DA:335,1
DA:336,2
DA:338,1
DA:342,1
DA:348,1
DA:351,1
DA:354,5
DA:355,1
DA:357,2
DA:358,2
DA:359,2
DA:360,2
DA:361,2
DA:362,1
DA:364,1
DA:365,2
DA:367,1
DA:369,1
DA:374,1
DA:381,1
DA:388,1
DA:390,1
DA:393,2
DA:394,1
DA:395,2
DA:396,1
DA:397,2
DA:398,2
DA:399,2
DA:400,4
DA:401,2
DA:402,1
DA:403,2
DA:404,2
DA:405,2
DA:406,4
DA:407,1
DA:409,2
DA:413,1
DA:415,2
DA:416,1
DA:417,1
DA:418,2
DA:419,1
DA:421,0
DA:426,1
DA:430,1
DA:432,1
DA:435,2
DA:436,1
DA:437,2
DA:438,2
DA:439,2
DA:440,4
DA:441,1
DA:443,2
DA:444,1
DA:445,1
DA:446,1
DA:447,2
DA:449,1
DA:452,0
DA:458,1
DA:491,1
DA:494,1
DA:497,2
DA:502,1
DA:503,2
DA:504,1
DA:505,2
DA:506,1
DA:507,1
DA:508,2
DA:509,1
DA:511,1
DA:515,1
DA:516,2
DA:517,1
DA:519,1
DA:523,1
DA:524,2
DA:526,1
DA:530,1
DA:535,1
DA:538,1
DA:540,2
DA:541,1
DA:542,2
DA:543,1
DA:545,2
DA:546,1
DA:547,2
DA:548,2
DA:549,1
DA:551,2
DA:552,1
DA:553,2
DA:554,1
DA:555,2
DA:556,2
DA:557,1
DA:559,2
DA:560,1
DA:562,1
DA:563,2
DA:564,1
DA:567,3
DA:568,1
DA:569,2
DA:570,1
DA:573,2
DA:574,2
DA:575,1
DA:577,2
DA:578,1
DA:580,1
DA:581,2
DA:582,1
DA:585,3
DA:586,1
DA:587,2
DA:588,1
DA:591,2
DA:592,1
DA:594,1
DA:595,2
DA:596,1
DA:599,3
DA:600,1
DA:601,2
DA:602,1
DA:605,2
DA:606,1
DA:607,2
DA:608,1
DA:609,2
DA:610,2
DA:611,1
DA:613,2
DA:614,1
DA:616,1
DA:617,2
DA:618,1
DA:621,3
DA:622,1
DA:623,2
DA:624,1
DA:627,2
DA:629,2
DA:630,1
DA:632,2
DA:633,1
DA:635,1
DA:636,2
DA:637,1
DA:640,3
DA:641,1
DA:642,2
DA:643,1
DA:656,2
DA:657,1
DA:658,1
DA:659,2
DA:660,1
DA:662,4
DA:663,1
DA:664,4
DA:665,1
DA:669,1
DA:670,2
DA:671,1
DA:672,2
DA:674,1
DA:676,2
DA:678,1
DA:679,2
DA:680,1
DA:682,2
DA:683,1
DA:684,2
DA:685,1
DA:686,2
DA:687,2
DA:688,1
DA:692,3
DA:693,1
DA:694,2
DA:695,1
DA:698,2
DA:699,2
DA:700,1
DA:704,3
DA:705,1
DA:706,2
DA:707,1
DA:710,2
DA:711,1
DA:714,1
DA:715,2
DA:716,1
DA:721,1
DA:727,1
DA:810,1
DA:811,1
DA:816,1
DA:820,1
DA:824,1
DA:828,1
DA:832,1
DA:843,1
LF:338
LH:321
end_of_record
SF:lib/src/tokens/token.dart
DA:1,1
DA:2,1
DA:3,1
DA:4,1
DA:5,1
DA:6,1
DA:7,1
DA:8,1
DA:9,1
DA:14,0
DA:22,0
DA:23,0
DA:26,0
DA:27,0
DA:31,0
DA:32,0
LF:16
LH:9
end_of_record
SF:lib/src/tokens/variants/character_literal_token.dart
DA:5,1
DA:7,1
DA:9,2
DA:12,1
DA:14,2
DA:15,1
DA:18,1
DA:20,1
DA:23,1
DA:25,2
LF:10
LH:10
end_of_record
SF:lib/src/tokens/variants/identifier_token.dart
DA:5,1
DA:7,1
DA:9,2
DA:12,1
DA:14,2
DA:15,1
DA:18,1
DA:20,1
DA:22,1
DA:24,2
LF:10
LH:10
end_of_record
SF:lib/src/tokens/variants/integer_literal_token.dart
DA:5,1
DA:7,1
DA:9,2
DA:12,1
DA:14,2
DA:15,1
DA:18,1
DA:20,1
DA:22,1
DA:24,2
LF:10
LH:10
end_of_record
SF:lib/src/tokens/variants/interpolated_string_literal_token.dart
DA:5,1
DA:7,1
DA:9,2
DA:12,1
DA:14,2
DA:15,1
DA:18,1
DA:20,1
DA:23,1
DA:25,2
LF:10
LH:10
end_of_record
SF:lib/src/tokens/variants/keyword_token.dart
DA:5,1
DA:7,1
DA:9,2
DA:12,1
DA:14,2
DA:15,1
DA:18,1
DA:20,1
DA:23,1
DA:25,2
LF:10
LH:10
end_of_record
SF:lib/src/tokens/variants/operator_or_punctuator_token.dart
DA:5,1
DA:7,1
DA:9,2
DA:12,1
DA:14,2
DA:15,1
DA:18,1
DA:20,1
DA:22,1
DA:24,2
LF:10
LH:10
end_of_record
SF:lib/src/tokens/variants/real_literal_token.dart
DA:5,1
DA:7,1
DA:9,2
DA:12,1
DA:14,2
DA:15,1
DA:18,1
DA:20,1
DA:22,1
DA:24,2
LF:10
LH:10
end_of_record
SF:lib/src/tokens/variants/string_literal_token.dart
DA:5,1
DA:7,1
DA:9,2
DA:12,1
DA:14,2
DA:15,1
DA:18,1
DA:20,1
DA:23,1
DA:25,2
LF:10
LH:10
end_of_record
SF:lib/src/parser/parser.dart
DA:52,1
DA:57,0
DA:59,0
DA:60,0
DA:61,0
DA:62,0
DA:63,0
DA:68,0
DA:70,0
DA:71,0
DA:72,0
DA:73,0
DA:74,0
DA:81,0
DA:82,0
DA:83,0
DA:84,0
DA:85,0
DA:86,0
DA:87,0
DA:88,0
DA:89,0
DA:90,0
DA:91,0
DA:92,0
DA:93,0
DA:94,0
DA:103,0
DA:104,0
DA:105,0
DA:106,0
DA:107,0
DA:108,0
DA:109,0
DA:110,0
DA:111,0
DA:112,0
DA:115,0
DA:119,0
DA:128,0
DA:130,0
DA:131,0
DA:133,0
DA:134,0
DA:135,0
DA:136,0
DA:148,0
DA:149,0
DA:150,0
DA:151,0
DA:153,0
DA:156,0
DA:157,0
DA:158,0
DA:164,0
DA:165,0
DA:166,0
DA:167,0
DA:168,0
DA:169,0
DA:171,0
DA:172,0
DA:173,0
DA:176,0
DA:178,0
DA:181,0
DA:185,0
DA:186,0
DA:187,0
DA:189,0
DA:193,0
DA:198,0
DA:203,0
DA:208,0
DA:209,0
DA:210,0
DA:211,0
DA:212,0
DA:213,0
DA:214,0
DA:215,0
DA:216,0
DA:218,0
DA:219,0
DA:220,0
DA:223,0
DA:225,0
DA:228,0
DA:232,0
DA:233,0
DA:234,0
DA:236,0
DA:240,0
DA:245,0
DA:255,0
DA:256,0
DA:257,0
DA:258,0
DA:259,0
DA:260,0
DA:261,0
DA:262,0
DA:264,0
DA:265,0
DA:268,0
DA:271,0
DA:273,0
DA:275,0
DA:277,0
DA:279,0
DA:281,0
DA:283,0
DA:285,0
DA:292,0
DA:293,0
DA:296,0
DA:301,0
DA:302,0
DA:303,0
DA:309,0
DA:310,0
DA:311,0
DA:312,0
DA:314,0
DA:315,0
DA:316,0
DA:319,0
DA:320,0
DA:321,0
DA:323,0
DA:326,0
DA:330,0
DA:332,0
DA:333,0
DA:334,0
DA:335,0
DA:336,0
DA:340,0
DA:344,0
DA:348,0
DA:427,1
DA:429,1
DA:431,2
DA:433,2
DA:443,1
DA:447,1
DA:448,2
DA:449,5
DA:450,5
DA:451,2
DA:453,5
DA:454,5
DA:455,2
DA:456,1
DA:458,2
DA:462,0
DA:471,0
DA:488,1
DA:489,1
DA:490,2
DA:491,1
DA:493,2
DA:497,1
DA:501,1
DA:503,1
DA:504,2
DA:505,1
DA:508,2
DA:511,1
DA:515,2
DA:520,0
DA:523,1
DA:527,1
DA:530,1
DA:531,2
DA:532,5
DA:534,5
DA:535,2
DA:536,1
DA:539,2
DA:540,5
DA:542,5
DA:543,2
DA:544,5
DA:545,5
DA:546,2
DA:547,1
DA:550,2
DA:554,0
DA:559,0
DA:563,0
DA:634,1
DA:635,1
DA:636,2
DA:637,1
DA:638,5
DA:639,2
DA:640,5
DA:641,2
DA:644,1
DA:645,5
DA:646,2
DA:647,5
DA:648,2
DA:652,1
DA:657,1
DA:658,1
DA:659,2
DA:660,5
DA:661,5
DA:662,2
DA:664,5
DA:665,4
DA:666,0
DA:669,1
DA:671,2
DA:673,0
DA:677,5
DA:678,5
DA:679,2
DA:690,1
DA:691,5
DA:692,2
DA:693,5
DA:694,2
DA:701,0
DA:702,0
DA:703,0
DA:704,0
DA:706,0
DA:708,0
DA:714,0
DA:715,0
DA:716,0
DA:717,0
DA:727,0
DA:728,0
DA:729,0
DA:730,0
DA:731,0
DA:732,0
DA:733,0
DA:734,0
DA:735,0
DA:737,0
DA:739,0
DA:742,0
DA:743,0
DA:744,0
DA:745,0
DA:746,0
DA:748,0
DA:749,0
DA:750,0
DA:751,0
DA:752,0
DA:754,0
DA:755,0
DA:756,0
DA:757,0
DA:758,0
DA:760,0
DA:764,0
DA:769,0
DA:774,0
DA:779,0
DA:784,0
DA:789,0
DA:794,0
DA:800,0
DA:808,0
DA:809,0
DA:810,0
DA:811,0
DA:812,0
DA:813,0
DA:814,0
DA:815,0
DA:816,0
DA:817,0
DA:819,0
DA:820,0
DA:821,0
DA:822,0
DA:823,0
DA:825,0
DA:828,0
DA:832,0
DA:836,0
DA:840,0
DA:849,0
DA:850,0
DA:854,0
DA:863,0
DA:864,0
DA:865,0
DA:866,0
DA:867,0
DA:868,0
DA:869,0
DA:871,0
DA:873,0
DA:874,0
DA:875,0
DA:878,0
DA:886,0
DA:887,0
DA:888,0
DA:889,0
DA:890,0
DA:891,0
DA:892,0
DA:893,0
DA:895,0
DA:896,0
DA:897,0
DA:898,0
DA:899,0
DA:901,0
DA:902,0
DA:903,0
DA:904,0
DA:905,0
DA:907,0
DA:910,0
DA:917,0
DA:921,0
DA:925,0
DA:929,0
DA:938,1
DA:941,1
DA:945,1
DA:949,0
DA:953,0
DA:957,0
DA:961,0
DA:978,1
DA:980,1
DA:984,1
DA:995,1
DA:996,2
DA:997,5
DA:998,5
DA:999,5
DA:1000,5
DA:1001,5
DA:1002,5
DA:1003,5
DA:1004,5
DA:1005,5
DA:1006,5
DA:1007,2
DA:1014,1
DA:1015,2
DA:1016,5
DA:1017,5
DA:1018,5
DA:1019,2
DA:1026,1
DA:1028,2
DA:1029,5
DA:1030,5
DA:1031,2
DA:1034,5
DA:1035,5
DA:1036,2
DA:1039,1
DA:1041,2
DA:1044,1
DA:1046,2
DA:1056,1
DA:1057,2
DA:1058,5
DA:1059,5
DA:1060,2
DA:1063,5
DA:1064,5
DA:1065,2
DA:1069,4
DA:1070,5
DA:1071,2
DA:1078,1
DA:1081,1
DA:1085,1
DA:1094,1
DA:1108,1
DA:1110,2
DA:1112,5
DA:1113,5
DA:1114,5
DA:1115,5
DA:1116,2
DA:1119,0
DA:1121,0
DA:1122,0
DA:1123,0
DA:1125,0
DA:1127,0
DA:1130,0
DA:1131,0
DA:1132,0
DA:1135,0
DA:1138,0
DA:1141,0
DA:1142,0
DA:1143,0
DA:1144,0
DA:1145,0
DA:1146,0
DA:1147,0
DA:1148,0
DA:1149,0
DA:1151,0
DA:1152,0
DA:1153,0
DA:1154,0
DA:1159,0
DA:1162,0
DA:1164,0
DA:1166,0
DA:1168,0
DA:1172,0
DA:1174,0
DA:1175,0
DA:1176,0
DA:1177,0
DA:1181,0
DA:1183,0
DA:1185,0
DA:1188,0
DA:1189,0
DA:1190,0
DA:1191,0
DA:1192,0
DA:1193,0
DA:1194,0
DA:1195,0
DA:1196,0
DA:1197,0
DA:1198,0
DA:1199,0
DA:1200,0
DA:1201,0
DA:1205,0
DA:1208,0
DA:1211,0
DA:1216,0
DA:1217,0
DA:1218,0
DA:1219,0
DA:1220,0
DA:1221,0
DA:1223,0
DA:1224,0
DA:1225,0
DA:1226,0
DA:1231,0
DA:1235,0
DA:1236,0
DA:1237,0
DA:1238,0
DA:1239,0
DA:1240,0
DA:1241,0
DA:1242,0
DA:1243,0
DA:1244,0
DA:1246,0
DA:1247,0
DA:1248,0
DA:1249,0
DA:1254,0
DA:1257,0
DA:1261,0
DA:1262,0
DA:1263,0
DA:1264,0
DA:1266,0
DA:1268,0
DA:1269,0
DA:1270,0
DA:1271,0
DA:1272,0
DA:1273,0
DA:1274,0
DA:1275,0
DA:1276,0
DA:1277,0
DA:1278,0
DA:1279,0
DA:1280,0
DA:1282,0
DA:1286,0
DA:1288,0
DA:1290,0
DA:1294,0
DA:1295,0
DA:1296,0
DA:1297,0
DA:1299,0
LF:500
LH:137
end_of_record
SF:lib/src/parser/parse_result.dart
DA:8,0
LF:1
LH:0
end_of_record
SF:lib/src/parser/parser_exception.dart
DA:3,0
DA:7,0
DA:9,0
DA:10,0
LF:4
LH:0
end_of_record
SF:lib/src/parser/parser_node.dart
DA:8,0
DA:10,0
DA:11,0
DA:14,0
DA:15,0
LF:5
LH:0
end_of_record
SF:lib/src/parser/parser_ast.dart
DA:18,0
DA:20,0
DA:21,0
DA:25,0
DA:34,0
DA:36,0
DA:39,0
DA:45,0
DA:47,0
DA:54,0
DA:61,0
DA:68,0
DA:72,0
DA:74,0
DA:76,0
DA:82,0
DA:84,0
DA:86,0
DA:91,0
DA:97,0
DA:98,0
DA:104,0
DA:106,0
DA:108,0
DA:111,0
DA:113,0
DA:118,0
DA:123,0
DA:124,0
DA:128,0
DA:129,0
DA:135,0
DA:137,0
DA:139,0
DA:141,0
DA:143,0
DA:144,0
DA:149,0
DA:154,0
DA:155,0
DA:160,0
DA:162,0
DA:164,0
DA:166,0
DA:171,0
DA:180,0
DA:182,0
DA:184,0
DA:187,0
DA:189,0
DA:192,0
DA:194,0
DA:196,0
DA:201,0
DA:203,0
DA:205,0
DA:210,0
DA:216,0
DA:225,0
DA:227,0
DA:229,0
DA:235,0
DA:236,0
DA:238,0
DA:239,0
DA:241,0
DA:243,0
DA:244,0
DA:246,0
DA:248,0
DA:249,0
DA:252,0
DA:256,0
DA:260,0
DA:262,0
DA:263,0
DA:264,0
DA:266,0
DA:267,0
DA:268,0
LF:80
LH:0
end_of_record
SF:lib/src/classes/classAST.dart
DA:3,1
DA:4,1
DA:5,1
DA:6,1
DA:7,1
DA:11,0
DA:15,0
DA:16,0
LF:8
LH:5
end_of_record
SF:lib/src/classes/variants/ClassDeclaration.dart
DA:5,0
DA:9,0
DA:11,0
DA:14,0
DA:15,0
DA:17,0
LF:6
LH:0
end_of_record
SF:lib/src/expressions/primary_expression.dart
DA:1,1
DA:2,1
DA:3,1
DA:7,0
DA:15,0
DA:16,0
LF:6
LH:3
end_of_record
SF:lib/src/expressions/variants/PrimaryNoArrayCreationExpressionVariants/assignment_expression.dart
DA:7,0
DA:9,0
DA:11,0
DA:15,0
DA:17,0
DA:18,0
DA:21,0
DA:23,0
LF:8
LH:0
end_of_record
SF:lib/src/expressions/variants/PrimaryNoArrayCreationExpressionVariants/invocation_expression.dart
DA:7,0
DA:9,0
DA:11,0
DA:15,0
DA:17,0
DA:18,0
DA:21,0
DA:23,0
LF:8
LH:0
end_of_record
SF:lib/src/expressions/variants/PrimaryNoArrayCreationExpressionVariants/object_creation_expression.dart
DA:7,0
DA:9,0
DA:11,0
DA:15,0
DA:17,0
DA:18,0
DA:21,0
DA:23,0
LF:8
LH:0
end_of_record
SF:lib/src/expressions/variants/PrimaryNoArrayCreationExpressionVariants/parenthesized_expression.dart
DA:7,0
DA:9,0
DA:11,0
DA:15,0
DA:17,0
DA:18,0
DA:21,0
DA:23,0
LF:8
LH:0
end_of_record
SF:lib/src/expressions/variants/primary_no_array_creation_expression.dart
DA:3,1
DA:4,1
DA:5,1
DA:6,1
DA:7,1
DA:8,1
DA:9,1
DA:10,1
DA:11,1
DA:12,1
DA:13,1
DA:14,1
DA:15,1
DA:16,1
DA:17,1
DA:18,1
DA:19,1
DA:20,1
DA:21,1
DA:22,1
DA:23,1
DA:24,1
DA:25,1
DA:29,1
DA:31,1
DA:33,0
DA:37,0
DA:39,0
DA:40,0
DA:43,1
DA:45,1
LF:31
LH:27
end_of_record
SF:lib/src/types/variants/reference_type.dart
DA:4,1
DA:8,1
DA:9,1
DA:12,0
DA:13,0
DA:15,0
LF:6
LH:3
end_of_record
SF:lib/src/classes/variants/variants/variants/FixedParam.dart
DA:6,0
DA:9,0
DA:10,0
DA:13,0
DA:14,0
DA:16,0
LF:6
LH:0
end_of_record
SF:lib/src/namespaces/namespace.dart
DA:1,1
DA:2,1
DA:3,1
DA:4,1
DA:8,0
DA:13,0
DA:14,0
LF:7
LH:4
end_of_record
SF:lib/src/parser/parser_ast2.dart
DA:5,1
DA:6,1
DA:15,0
DA:17,0
DA:18,0
DA:21,0
DA:22,0
LF:7
LH:2
end_of_record
SF:lib/src/interfaces/interface.dart
DA:1,1
DA:2,1
DA:3,1
DA:4,1
DA:5,1
DA:9,0
DA:13,0
DA:14,0
LF:8
LH:5
end_of_record
SF:lib/src/interfaces/variants/InterfaceBase.dart
DA:5,0
DA:8,0
DA:9,0
DA:12,0
DA:13,0
DA:15,0
LF:6
LH:0
end_of_record
SF:lib/src/interfaces/variants/InterfaceBody.dart
DA:5,0
DA:8,0
DA:9,0
DA:12,0
DA:13,0
DA:15,0
LF:6
LH:0
end_of_record
SF:lib/src/interfaces/variants/InterfaceDeclaration.dart
DA:5,0
DA:8,0
DA:9,0
DA:12,0
DA:13,0
DA:15,0
LF:6
LH:0
end_of_record
SF:lib/src/interfaces/variants/InterfaceModifier.dart
DA:5,0
DA:8,0
DA:9,0
DA:12,0
DA:13,0
DA:15,0
LF:6
LH:0
end_of_record
SF:lib/src/classes/variants/ClassBody.dart
DA:3,1
DA:4,1
DA:5,1
DA:6,1
DA:7,1
DA:11,0
DA:14,0
DA:15,0
DA:18,0
DA:19,0
DA:21,0
LF:11
LH:5
end_of_record
SF:lib/src/classes/variants/variants/ConstructorDeclaration.dart
DA:6,0
DA:9,0
DA:10,0
DA:13,0
DA:14,0
DA:16,0
LF:6
LH:0
end_of_record
SF:lib/src/classes/variants/variants/FieldDeclaration.dart
DA:5,0
DA:8,0
DA:9,0
DA:12,0
DA:13,0
DA:15,0
LF:6
LH:0
end_of_record
SF:lib/src/classes/variants/variants/MethodDeclaration.dart
DA:4,1
DA:5,1
DA:8,0
DA:11,0
DA:12,0
DA:15,0
DA:16,0
DA:18,0
LF:8
LH:2
end_of_record
SF:lib/src/classes/variants/ClassBase.dart
DA:5,0
DA:8,0
DA:9,0
DA:12,0
DA:13,0
DA:15,0
LF:6
LH:0
end_of_record
SF:lib/src/classes/variants/ClassModifier.dart
DA:5,0
DA:8,0
DA:9,0
DA:12,0
DA:13,0
DA:15,0
LF:6
LH:0
end_of_record
SF:lib/src/statements/variants/DeclarationStatementVariants/constant_declaration.dart
DA:4,1
DA:5,1
DA:10,1
DA:12,1
DA:14,0
DA:17,0
DA:19,0
DA:20,0
DA:23,1
DA:25,1
LF:10
LH:6
end_of_record
SF:lib/src/statements/variants/EmbeddedStatementVariants/expression_statement.dart
DA:3,1
DA:4,1
DA:9,0
DA:11,0
DA:13,0
DA:16,0
DA:18,0
DA:19,0
DA:22,0
DA:24,0
LF:10
LH:2
end_of_record
SF:lib/src/statements/variants/DeclarationStatementVariants/LocalVariableDeclarationVariants/LocalVariableDeclaratorsVariants/LocalVariableDeclaratorVariants/local_variable_initializer.dart
DA:6,1
DA:8,1
DA:10,0
DA:13,0
DA:15,0
DA:16,0
DA:19,1
DA:21,1
LF:8
LH:4
end_of_record
SF:lib/src/types/type.dart
DA:1,1
DA:2,1
DA:3,1
DA:4,1
DA:9,0
DA:13,0
DA:14,0
LF:7
LH:4
end_of_record
SF:lib/src/types/variants/value_type.dart
DA:3,1
DA:4,1
DA:5,1
DA:9,1
DA:13,1
DA:14,1
DA:17,0
DA:18,0
DA:20,0
LF:9
LH:6
end_of_record
SF:lib/src/types/variants/variants/floating_point_type.dart
DA:8,1
DA:12,1
DA:13,1
DA:16,0
DA:17,0
DA:19,0
LF:6
LH:3
end_of_record
SF:lib/src/types/variants/variants/integral_type.dart
DA:8,1
DA:12,1
DA:13,1
DA:16,0
DA:17,0
DA:19,0
LF:6
LH:3
end_of_record
SF:lib/src/statements/variants/DeclarationStatementVariants/LocalVariableDeclarationVariants/LocalVariableDeclaratorsVariants/local_variable_declarator.dart
DA:4,1
DA:5,1
DA:10,1
DA:12,1
DA:14,0
DA:17,0
DA:19,0
DA:20,0
DA:23,1
DA:25,1
LF:10
LH:6
end_of_record
SF:lib/src/statements/variants/DeclarationStatementVariants/LocalVariableDeclarationVariants/local_variable_declarators.dart
DA:4,1
DA:5,1
DA:10,0
DA:12,0
DA:14,0
DA:17,0
DA:19,0
DA:20,0
DA:23,0
DA:25,0
LF:10
LH:2
end_of_record
SF:lib/src/statements/variants/DeclarationStatementVariants/local_variable_declaration.dart
DA:4,1
DA:5,1
DA:6,1
DA:11,1
DA:13,1
DA:15,0
DA:18,0
DA:20,0
DA:21,0
DA:24,1
DA:26,1
LF:11
LH:7
end_of_record
SF:lib/src/statements/variants/declaration_statement.dart
DA:3,1
DA:4,1
DA:5,1
DA:10,1
DA:12,1
DA:15,0
DA:18,0
DA:19,0
DA:20,0
DA:23,1
DA:25,1
LF:11
LH:7
end_of_record
SF:lib/src/statements/statement.dart
DA:2,1
DA:3,1
DA:4,1
DA:5,1
DA:11,0
DA:17,0
DA:18,0
LF:7
LH:4
end_of_record
SF:lib/src/statements/variants/embedded_statement.dart
DA:2,1
DA:3,1
DA:4,1
DA:5,1
DA:6,1
DA:7,1
DA:8,1
DA:13,0
DA:15,0
DA:18,0
DA:21,0
DA:22,0
DA:23,0
DA:26,0
DA:28,0
LF:15
LH:7
end_of_record
SF:lib/src/statements/variants/labeled_statement.dart
DA:4,0
DA:6,0
DA:9,0
DA:12,0
DA:13,0
DA:14,0
DA:17,0
DA:19,0
LF:8
LH:0
end_of_record
SF:lib/src/statements/variants/DeclarationStatementVariants/LocalVariableDeclarationVariants/local_variable_type.dart
DA:6,1
DA:8,1
DA:10,0
DA:13,0
DA:15,0
DA:16,0
DA:19,1
DA:21,1
LF:8
LH:4
end_of_record
SF:lib/src/statements/variants/EmbeddedStatementVariants/block.dart
DA:5,1
DA:7,1
DA:9,0
DA:12,0
DA:14,0
DA:15,0
DA:18,1
DA:20,1
LF:8
LH:4
end_of_record
SF:lib/src/statements/variants/EmbeddedStatementVariants/empty_statement.dart
DA:5,1
DA:7,1
DA:9,0
DA:12,0
DA:14,0
DA:15,0
DA:18,1
DA:20,1
LF:8
LH:4
end_of_record
SF:lib/src/statements/variants/EmbeddedStatementVariants/iteration_statement.dart
DA:3,1
DA:4,1
DA:5,1
DA:6,1
DA:7,1
DA:11,0
DA:13,0
DA:15,0
DA:18,0
DA:20,0
DA:21,0
DA:24,0
DA:26,0
LF:13
LH:5
end_of_record
SF:lib/src/statements/variants/EmbeddedStatementVariants/jump_statement.dart
DA:3,1
DA:4,1
DA:5,1
DA:6,1
DA:11,0
DA:13,0
DA:15,0
DA:18,0
DA:20,0
DA:21,0
DA:24,0
DA:26,0
LF:12
LH:4
end_of_record
SF:lib/src/statements/variants/EmbeddedStatementVariants/selection_statement.dart
DA:7,0
DA:9,0
DA:11,0
DA:14,0
DA:16,0
DA:17,0
DA:20,0
DA:22,0
LF:8
LH:0
end_of_record
SF:lib/src/statements/variants/EmbeddedStatementVariants/ExpressionStatementVariants/statement_expression.dart
DA:4,1
DA:5,1
DA:6,1
DA:7,1
DA:8,1
DA:9,1
DA:10,1
DA:11,1
DA:12,1
DA:13,1
DA:18,0
DA:20,0
DA:22,0
DA:25,0
DA:27,0
DA:28,0
DA:31,0
DA:33,0
LF:18
LH:10
end_of_record
SF:lib/src/statements/variants/EmbeddedStatementVariants/IterationStatementVariants/for_statement.dart
DA:10,0
DA:12,0
DA:14,0
DA:17,0
DA:19,0
DA:20,0
DA:23,0
DA:25,0
LF:8
LH:0
end_of_record
SF:lib/src/statements/variants/EmbeddedStatementVariants/IterationStatementVariants/while_statement.dart
DA:6,0
DA:8,0
DA:10,0
DA:13,0
DA:15,0
DA:16,0
DA:19,0
DA:21,0
LF:8
LH:0
end_of_record
SF:lib/src/expressions/expression.dart
DA:3,1
DA:4,1
DA:9,0
LF:3
LH:2
end_of_record
SF:lib/src/abstractions/abstraction.dart
DA:1,1
DA:2,1
DA:3,1
DA:4,1
DA:5,1
DA:6,1
DA:7,1
DA:8,1
DA:9,1
DA:14,0
DA:19,0
DA:20,0
DA:23,0
DA:24,0
LF:14
LH:9
end_of_record
